<?xml version="1.0" encoding="UTF-8"?>
<!-- Generated by org.testng.reporters.JUnitXMLReporter -->
<testsuite ignored="0" hostname="milind-Latitude-3420" failures="0" tests="4" name="Default test" time="74.519" errors="0" timestamp="2024-01-17T01:04:34 IST">
  <testcase classname="TestComponent.NewBaseTest" name="wifiCoonectionSetting" time="15.771"/>
  <testcase classname="TestComponent.NewBaseTest" name="longpress" time="16.21"/>
  <testcase classname="TestComponent.NewBaseTest" name="swipePics" time="13.57"/>
  <testcase classname="TestComponent.NewBaseTest" name="mislenius" time="19.268"/>
</testsuite> <!-- Default test -->
