<?xml version="1.0" encoding="UTF-8"?>
<!-- Generated by org.testng.reporters.JUnitXMLReporter -->
<testsuite ignored="0" hostname="milind-Latitude-3420" failures="0" tests="4" name="Test" time="56.834" errors="0" timestamp="2024-01-17T21:44:07 IST">
  <testcase classname="TestCases.AppiumGuestures" name="wifiCoonectionSetting" time="15.778"/>
  <testcase classname="TestCases.AppiumGuestures" name="longpress" time="12.435"/>
  <testcase classname="TestCases.AppiumGuestures" name="swipePics" time="10.741"/>
  <testcase classname="TestCases.AppiumGuestures" name="mislenius" time="15.983"/>
</testsuite> <!-- Test -->
