<?xml version="1.0" encoding="UTF-8"?>
<!-- Generated by org.testng.reporters.JUnitXMLReporter -->
<testsuite ignored="0" hostname="milind-Latitude-3420" failures="0" tests="1" name="Test" time="5.625" errors="0" timestamp="2024-01-14T00:09:15 IST">
  <testcase classname="TestComponent.BaseTest" name="@BeforeClass launchApp" time="2.037">
    <failure type="org.openqa.selenium.SessionNotCreatedException" message="Could not start a new session. Response code 500. Message: An unknown server-side error occurred while processing the command. Original error: Neither ANDROID_HOME nor ANDROID_SDK_ROOT environment variable was exported. Read https://developer.android.com/studio/command-line/variables for more details 
Host info: host: &amp;apos;milind-Latitude-3420&amp;apos;, ip: &amp;apos;127.0.1.1&amp;apos;
Build info: version: &amp;apos;4.16.1&amp;apos;, revision: &amp;apos;9b4c83354e&amp;apos;
System info: os.name: &amp;apos;Linux&amp;apos;, os.arch: &amp;apos;amd64&amp;apos;, os.version: &amp;apos;5.15.0-91-generic&amp;apos;, java.version: &amp;apos;11.0.21&amp;apos;
Driver info: io.appium.java_client.android.AndroidDriver
Command: [null, newSession {capabilities=[{appium:deviceName=Pixel 7 Pro API 31, platformName=ANDROID, appium:automationName=UIAutomator2, appium:app=/home/milind/eclipse-workspace/projects/mobile/MobileSolutions/Apps/ApiDemos-debug.apk}], desiredCapabilities=Capabilities {appium:app: /home/milind/eclipse-worksp..., appium:automationName: UIAutomator2, appium:deviceName: Pixel 7 Pro API 31, platformName: ANDROID}}]
Capabilities {appium:app: /home/milind/eclipse-worksp..., appium:automationName: UIAutomator2, appium:deviceName: Pixel 7 Pro API 31, platformName: ANDROID}">
      <![CDATA[org.openqa.selenium.SessionNotCreatedException: Could not start a new session. Response code 500. Message: An unknown server-side error occurred while processing the command. Original error: Neither ANDROID_HOME nor ANDROID_SDK_ROOT environment variable was exported. Read https://developer.android.com/studio/command-line/variables for more details 
Host info: host: 'milind-Latitude-3420', ip: '127.0.1.1'
Build info: version: '4.16.1', revision: '9b4c83354e'
System info: os.name: 'Linux', os.arch: 'amd64', os.version: '5.15.0-91-generic', java.version: '11.0.21'
Driver info: io.appium.java_client.android.AndroidDriver
Command: [null, newSession {capabilities=[{appium:deviceName=Pixel 7 Pro API 31, platformName=ANDROID, appium:automationName=UIAutomator2, appium:app=/home/milind/eclipse-workspace/projects/mobile/MobileSolutions/Apps/ApiDemos-debug.apk}], desiredCapabilities=Capabilities {appium:app: /home/milind/eclipse-worksp..., appium:automationName: UIAutomator2, appium:deviceName: Pixel 7 Pro API 31, platformName: ANDROID}}]
Capabilities {appium:app: /home/milind/eclipse-worksp..., appium:automationName: UIAutomator2, appium:deviceName: Pixel 7 Pro API 31, platformName: ANDROID}
at org.openqa.selenium.remote.ProtocolHandshake.createSession(ProtocolHandshake.java:140)
at io.appium.java_client.remote.AppiumProtocolHandshake.createSession(AppiumProtocolHandshake.java:133)
at io.appium.java_client.remote.AppiumProtocolHandshake.createSession(AppiumProtocolHandshake.java:102)
at io.appium.java_client.remote.AppiumCommandExecutor.createSession(AppiumCommandExecutor.java:177)
at io.appium.java_client.remote.AppiumCommandExecutor.execute(AppiumCommandExecutor.java:238)
at org.openqa.selenium.remote.RemoteWebDriver.execute(RemoteWebDriver.java:523)
at io.appium.java_client.AppiumDriver.startSession(AppiumDriver.java:268)
at org.openqa.selenium.remote.RemoteWebDriver.<init>(RemoteWebDriver.java:164)
at io.appium.java_client.AppiumDriver.<init>(AppiumDriver.java:90)
at io.appium.java_client.AppiumDriver.<init>(AppiumDriver.java:102)
at io.appium.java_client.android.AndroidDriver.<init>(AndroidDriver.java:109)
at TestComponent.BaseTest.launchApp(BaseTest.java:31)
at java.base/java.util.ArrayList.forEach(ArrayList.java:1541)
... Removed 33 stack frames]]>
    </failure>
  </testcase> <!-- @BeforeClass launchApp -->
  <testcase classname="testCases.testClass" name="runTest" time="0.0">
    <skipped/>
  </testcase> <!-- runTest -->
</testsuite> <!-- Test -->
