<?xml version="1.0" encoding="UTF-8"?>
<testsuite xmlns:xsi="http://www.w3.org/2001/XMLSchema-instance" xsi:noNamespaceSchemaLocation="https://maven.apache.org/surefire/maven-surefire-plugin/xsd/surefire-test-report-3.0.xsd" version="3.0" name="TestSuite" time="6.877" tests="2" errors="0" skipped="1" failures="1">
  <properties>
[...]
</properties>
  <testcase name="launchApp" classname="testCases.testClass" time="2.837">
    <failure message="Could not start a new session. Response code 500. Message: An unknown server-side error occurred while processing the command. Original error: Neither ANDROID_HOME nor ANDROID_SDK_ROOT environment variable was exported. Read https://developer.android.com/studio/command-line/variables for more details &#10;Host info: host: &apos;milind-Latitude-3420&apos;, ip: &apos;127.0.1.1&apos;&#10;Build info: version: &apos;4.16.1&apos;, revision: &apos;9b4c83354e&apos;&#10;System info: os.name: &apos;Linux&apos;, os.arch: &apos;amd64&apos;, os.version: &apos;5.15.0-91-generic&apos;, java.version: &apos;11.0.21&apos;&#10;Driver info: io.appium.java_client.android.AndroidDriver&#10;Command: [null, newSession {capabilities=[{appium:deviceName=Pixel 7 Pro API 31, platformName=ANDROID, appium:automationName=UIAutomator2, appium:app=/home/milind/eclipse-workspace/projects/mobile/MobileSolutions/Apps/ApiDemos-debug.apk}], desiredCapabilities=Capabilities {appium:app: /home/milind/eclipse-worksp..., appium:automationName: UIAutomator2, appium:deviceName: Pixel 7 Pro API 31, platformName: ANDROID}}]&#10;Capabilities {appium:app: /home/milind/eclipse-worksp..., appium:automationName: UIAutomator2, appium:deviceName: Pixel 7 Pro API 31, platformName: ANDROID}" type="org.openqa.selenium.SessionNotCreatedException"><![CDATA[org.openqa.selenium.SessionNotCreatedException: 
Could not start a new session. Response code 500. Message: An unknown server-side error occurred while processing the command. Original error: Neither ANDROID_HOME nor ANDROID_SDK_ROOT environment variable was exported. Read https://developer.android.com/studio/command-line/variables for more details 
Host info: host: 'milind-Latitude-3420', ip: '127.0.1.1'
Build info: version: '4.16.1', revision: '9b4c83354e'
System info: os.name: 'Linux', os.arch: 'amd64', os.version: '5.15.0-91-generic', java.version: '11.0.21'
Driver info: io.appium.java_client.android.AndroidDriver
Command: [null, newSession {capabilities=[{appium:deviceName=Pixel 7 Pro API 31, platformName=ANDROID, appium:automationName=UIAutomator2, appium:app=/home/milind/eclipse-workspace/projects/mobile/MobileSolutions/Apps/ApiDemos-debug.apk}], desiredCapabilities=Capabilities {appium:app: /home/milind/eclipse-worksp..., appium:automationName: UIAutomator2, appium:deviceName: Pixel 7 Pro API 31, platformName: ANDROID}}]
Capabilities {appium:app: /home/milind/eclipse-worksp..., appium:automationName: UIAutomator2, appium:deviceName: Pixel 7 Pro API 31, platformName: ANDROID}
	at org.openqa.selenium.remote.ProtocolHandshake.createSession(ProtocolHandshake.java:140)
	at java.base/jdk.internal.reflect.NativeMethodAccessorImpl.invoke0(Native Method)
	at java.base/jdk.internal.reflect.NativeMethodAccessorImpl.invoke(NativeMethodAccessorImpl.java:62)
	at java.base/jdk.internal.reflect.DelegatingMethodAccessorImpl.invoke(DelegatingMethodAccessorImpl.java:43)
	at java.base/java.lang.reflect.Method.invoke(Method.java:566)
	at io.appium.java_client.remote.AppiumProtocolHandshake.createSession(AppiumProtocolHandshake.java:133)
	at io.appium.java_client.remote.AppiumProtocolHandshake.createSession(AppiumProtocolHandshake.java:102)
	at io.appium.java_client.remote.AppiumCommandExecutor.createSession(AppiumCommandExecutor.java:177)
	at io.appium.java_client.remote.AppiumCommandExecutor.execute(AppiumCommandExecutor.java:238)
	at org.openqa.selenium.remote.RemoteWebDriver.execute(RemoteWebDriver.java:523)
	at io.appium.java_client.AppiumDriver.startSession(AppiumDriver.java:268)
	at org.openqa.selenium.remote.RemoteWebDriver.<init>(RemoteWebDriver.java:164)
	at io.appium.java_client.AppiumDriver.<init>(AppiumDriver.java:90)
	at io.appium.java_client.AppiumDriver.<init>(AppiumDriver.java:102)
	at io.appium.java_client.android.AndroidDriver.<init>(AndroidDriver.java:109)
	at TestComponent.BaseTest.launchApp(BaseTest.java:31)
	at java.base/jdk.internal.reflect.NativeMethodAccessorImpl.invoke0(Native Method)
	at java.base/jdk.internal.reflect.NativeMethodAccessorImpl.invoke(NativeMethodAccessorImpl.java:62)
	at java.base/jdk.internal.reflect.DelegatingMethodAccessorImpl.invoke(DelegatingMethodAccessorImpl.java:43)
	at java.base/java.lang.reflect.Method.invoke(Method.java:566)
	at org.testng.internal.invokers.MethodInvocationHelper.invokeMethod(MethodInvocationHelper.java:139)
	at org.testng.internal.invokers.MethodInvocationHelper.invokeMethodConsideringTimeout(MethodInvocationHelper.java:69)
	at org.testng.internal.invokers.ConfigInvoker.invokeConfigurationMethod(ConfigInvoker.java:390)
	at org.testng.internal.invokers.ConfigInvoker.invokeConfigurations(ConfigInvoker.java:325)
	at org.testng.internal.invokers.TestMethodWorker.invokeBeforeClassMethods(TestMethodWorker.java:180)
	at org.testng.internal.invokers.TestMethodWorker.run(TestMethodWorker.java:122)
	at java.base/java.util.ArrayList.forEach(ArrayList.java:1541)
	at org.testng.TestRunner.privateRun(TestRunner.java:848)
	at org.testng.TestRunner.run(TestRunner.java:621)
	at org.testng.SuiteRunner.runTest(SuiteRunner.java:443)
	at org.testng.SuiteRunner.runSequentially(SuiteRunner.java:437)
	at org.testng.SuiteRunner.privateRun(SuiteRunner.java:397)
	at org.testng.SuiteRunner.run(SuiteRunner.java:336)
	at org.testng.SuiteRunnerWorker.runSuite(SuiteRunnerWorker.java:52)
	at org.testng.SuiteRunnerWorker.run(SuiteRunnerWorker.java:95)
	at org.testng.TestNG.runSuitesSequentially(TestNG.java:1280)
	at org.testng.TestNG.runSuitesLocally(TestNG.java:1200)
	at org.testng.TestNG.runSuites(TestNG.java:1114)
	at org.testng.TestNG.run(TestNG.java:1082)
	at org.apache.maven.surefire.testng.TestNGExecutor.run(TestNGExecutor.java:308)
	at org.apache.maven.surefire.testng.TestNGXmlTestSuite.execute(TestNGXmlTestSuite.java:71)
	at org.apache.maven.surefire.testng.TestNGProvider.invoke(TestNGProvider.java:113)
	at org.apache.maven.surefire.booter.ForkedBooter.runSuitesInProcess(ForkedBooter.java:385)
	at org.apache.maven.surefire.booter.ForkedBooter.execute(ForkedBooter.java:162)
	at org.apache.maven.surefire.booter.ForkedBooter.run(ForkedBooter.java:507)
	at org.apache.maven.surefire.booter.ForkedBooter.main(ForkedBooter.java:495)
]]></failure>
    <system-out><![CDATA[&amp#27;[35m[Appium]&amp#27;[39m Welcome to Appium v2.4.1 (REV 5b3d188b83f27ec31d97f3f3e6e49220e09b6985)
&amp#27;[35m[Appium]&amp#27;[39m Non-default server args:
&amp#27;[35m[Appium]&amp#27;[39m { address: &amp#27;[32m'127.0.0.1'&amp#27;[39m }
&amp#27;[35m[Appium]&amp#27;[39m The autodetected Appium home path: /home/milind/.appium
&amp#27;[35m[Appium]&amp#27;[39m Attempting to load driver uiautomator2...
&amp#27;[35m[Appium]&amp#27;[39m Requiring driver at /home/milind/.appium/node_modules/appium-uiautomator2-driver/build/index.js
[Appium] AndroidUiautomator2Driver has been successfully loaded in 0.418s
[Appium] Appium REST http interface listener started on http://127.0.0.1:4723
[Appium] Available drivers:
[Appium]   - uiautomator2@2.40.1 (automationName 'UiAutomator2')
[Appium] No plugins have been installed. Use the "appium plugin" command to install the one(s) you want to use.
&amp#27;[38;5;0m[HTTP]&amp#27;[0m &amp#27;[37m-->&amp#27;[39m &amp#27;[37mGET&amp#27;[39m &amp#27;[37m/status&amp#27;[39m
&amp#27;[38;5;0m[HTTP]&amp#27;[0m {}
&amp#27;[38;5;16m[AppiumDriver@ea48]&amp#27;[0m Calling AppiumDriver.getStatus() with args: []
&amp#27;[38;5;16m[AppiumDriver@ea48]&amp#27;[0m Responding to client with driver.getStatus() result: {"ready":true,"message":"The server is ready to accept new connections","build":{"version":"2.4.1","git-sha":"5b3d188b83f27ec31d97f3f3e6e49220e09b6985","built":"2021-10-07 10:11:35 -0700"}}
&amp#27;[38;5;0m[HTTP]&amp#27;[0m <-- GET /status 200 10 ms - 199
&amp#27;[38;5;0m[HTTP]&amp#27;[0m 
&amp#27;[38;5;0m[HTTP]&amp#27;[0m Request idempotency key: 46150a90-2bd2-44e8-920f-da1a0f68b9b4
&amp#27;[38;5;0m[HTTP]&amp#27;[0m &amp#27;[37m-->&amp#27;[39m &amp#27;[37mPOST&amp#27;[39m &amp#27;[37m/session&amp#27;[39m
&amp#27;[38;5;0m[HTTP]&amp#27;[0m {"capabilities":{"firstMatch":[{}],"alwaysMatch":{"appium:app":"/home/milind/eclipse-workspace/projects/mobile/MobileSolutions/Apps/ApiDemos-debug.apk","appium:automationName":"UIAutomator2","appium:deviceName":"Pixel 7 Pro API 31","platformName":"ANDROID"}}}
&amp#27;[38;5;16m[AppiumDriver@ea48]&amp#27;[0m Calling AppiumDriver.createSession() with args: [null,null,{"firstMatch":[{}],"alwaysMatch":{"appium:app":"/home/milind/eclipse-workspace/projects/mobile/MobileSolutions/Apps/ApiDemos-debug.apk","appium:automationName":"UIAutomator2","appium:deviceName":"Pixel 7 Pro API 31","platformName":"ANDROID"}}]
&amp#27;[38;5;16m[AppiumDriver@ea48]&amp#27;[0m Event 'newSessionRequested' logged at 1705171151122 (00:09:11 GMT+0530 (India Standard Time))
[Appium] Attempting to find matching driver for automationName 'UIAutomator2' and platformName 'ANDROID'
[Appium] The 'uiautomator2' driver was installed and matched caps.
[Appium] Will require it at /home/milind/.appium/node_modules/appium-uiautomator2-driver
[Appium] Requiring driver at /home/milind/.appium/node_modules/appium-uiautomator2-driver/build/index.js
&amp#27;[38;5;16m[AppiumDriver@ea48]&amp#27;[0m Appium v2.4.1 creating new AndroidUiautomator2Driver (v2.40.1) session
&amp#27;[38;5;16m[AppiumDriver@ea48]&amp#27;[0m Checking BaseDriver versions for Appium and AndroidUiautomator2Driver
&amp#27;[38;5;16m[AppiumDriver@ea48]&amp#27;[0m Appium's BaseDriver version is 9.5.0
&amp#27;[38;5;16m[AppiumDriver@ea48]&amp#27;[0m AndroidUiautomator2Driver's BaseDriver version is 9.5.0
&amp#27;[38;5;32m[AndroidUiautomator2Driver@aca7]&amp#27;[0m Creating session with W3C capabilities: {
&amp#27;[38;5;32m[AndroidUiautomator2Driver@aca7]&amp#27;[0m   "alwaysMatch": {
&amp#27;[38;5;32m[AndroidUiautomator2Driver@aca7]&amp#27;[0m     "platformName": "ANDROID",
&amp#27;[38;5;32m[AndroidUiautomator2Driver@aca7]&amp#27;[0m     "appium:app": "/home/milind/eclipse-workspace/projects/mobile/MobileSolutions/Apps/ApiDemos-debug.apk",
&amp#27;[38;5;32m[AndroidUiautomator2Driver@aca7]&amp#27;[0m     "appium:automationName": "UIAutomator2",
&amp#27;[38;5;32m[AndroidUiautomator2Driver@aca7]&amp#27;[0m     "appium:deviceName": "Pixel 7 Pro API 31"
&amp#27;[38;5;32m[AndroidUiautomator2Driver@aca7]&amp#27;[0m   },
&amp#27;[38;5;32m[AndroidUiautomator2Driver@aca7]&amp#27;[0m   "firstMatch": [
&amp#27;[38;5;32m[AndroidUiautomator2Driver@aca7]&amp#27;[0m     {}
&amp#27;[38;5;32m[AndroidUiautomator2Driver@aca7]&amp#27;[0m   ]
&amp#27;[38;5;32m[AndroidUiautomator2Driver@aca7]&amp#27;[0m }
&amp#27;[38;5;32m[AndroidUiautomator2Driver@aca7 (35f6ebfa)]&amp#27;[0m Session created with session id: 35f6ebfa-1d0b-4eeb-997a-f1363b0b84b2
&amp#27;[38;5;48m[BaseDriver]&amp#27;[0m Using local app '/home/milind/eclipse-workspace/projects/mobile/MobileSolutions/Apps/ApiDemos-debug.apk'
&amp#27;[38;5;32m[AndroidUiautomator2Driver@aca7 (35f6ebfa)]&amp#27;[0m Checking whether app is actually present
&amp#27;[38;5;32m[AndroidUiautomator2Driver@aca7 (35f6ebfa)]&amp#27;[0m Deleting UiAutomator2 session
&amp#27;[38;5;32m[AndroidUiautomator2Driver@aca7 (35f6ebfa)]&amp#27;[0m Unable to stop ChromeDriver proxies: Cannot read properties of undefined (reading 'proxyReqRes')
&amp#27;[38;5;16m[AppiumDriver@ea48]&amp#27;[0m Event 'newSessionStarted' logged at 1705171151177 (00:09:11 GMT+0530 (India Standard Time))
&amp#27;[38;5;16m[AppiumDriver@ea48]&amp#27;[0m Encountered internal error running command: Error: Neither ANDROID_HOME nor ANDROID_SDK_ROOT environment variable was exported. Read https://developer.android.com/studio/command-line/variables for more details
&amp#27;[38;5;16m[AppiumDriver@ea48]&amp#27;[0m     at requireSdkRoot (/home/milind/.appium/node_modules/appium-uiautomator2-driver/node_modules/appium-adb/lib/helpers.js:82:11)
&amp#27;[38;5;16m[AppiumDriver@ea48]&amp#27;[0m     at Function.createADB (/home/milind/.appium/node_modules/appium-uiautomator2-driver/node_modules/appium-adb/lib/adb.ts:82:39)
&amp#27;[38;5;16m[AppiumDriver@ea48]&amp#27;[0m     at Object.createBaseADB (/home/milind/.appium/node_modules/appium-uiautomator2-driver/node_modules/appium-android-driver/lib/helpers/android.ts:287:22)
&amp#27;[38;5;16m[AppiumDriver@ea48]&amp#27;[0m     at Object.getDeviceInfoFromCaps (/home/milind/.appium/node_modules/appium-uiautomator2-driver/node_modules/appium-android-driver/lib/helpers/android.ts:368:38)
&amp#27;[38;5;16m[AppiumDriver@ea48]&amp#27;[0m     at AndroidUiautomator2Driver.startUiAutomator2Session (/home/milind/.appium/node_modules/appium-uiautomator2-driver/lib/driver.ts:424:42)
&amp#27;[38;5;16m[AppiumDriver@ea48]&amp#27;[0m     at AndroidUiautomator2Driver.createSession (/home/milind/.appium/node_modules/appium-uiautomator2-driver/lib/driver.ts:298:33)
&amp#27;[38;5;16m[AppiumDriver@ea48]&amp#27;[0m     at AppiumDriver.createSession (/home/milind/.nvm/versions/node/v20.10.0/lib/node_modules/appium/lib/appium.js:717:35)
&amp#27;[38;5;0m[HTTP]&amp#27;[0m <-- POST /session 500 104 ms - 876
&amp#27;[38;5;0m[HTTP]&amp#27;[0m 
]]></system-out>
    <system-err><![CDATA[SLF4J: Failed to load class "org.slf4j.impl.StaticLoggerBinder".
SLF4J: Defaulting to no-operation (NOP) logger implementation
SLF4J: See http://www.slf4j.org/codes.html#StaticLoggerBinder for further details.
]]></system-err>
  </testcase>
  <testcase name="runTest" classname="testCases.testClass" time="0.0">
    <skipped message="Could not start a new session. Response code 500. Message: An unknown server-side error occurred while processing the command. Original error: Neither ANDROID_HOME nor ANDROID_SDK_ROOT environment variable was exported. Read https://developer.android.com/studio/command-line/variables for more details &#10;Host info: host: &apos;milind-Latitude-3420&apos;, ip: &apos;127.0.1.1&apos;&#10;Build info: version: &apos;4.16.1&apos;, revision: &apos;9b4c83354e&apos;&#10;System info: os.name: &apos;Linux&apos;, os.arch: &apos;amd64&apos;, os.version: &apos;5.15.0-91-generic&apos;, java.version: &apos;11.0.21&apos;&#10;Driver info: io.appium.java_client.android.AndroidDriver&#10;Command: [null, newSession {capabilities=[{appium:deviceName=Pixel 7 Pro API 31, platformName=ANDROID, appium:automationName=UIAutomator2, appium:app=/home/milind/eclipse-workspace/projects/mobile/MobileSolutions/Apps/ApiDemos-debug.apk}], desiredCapabilities=Capabilities {appium:app: /home/milind/eclipse-worksp..., appium:automationName: UIAutomator2, appium:deviceName: Pixel 7 Pro API 31, platformName: ANDROID}}]&#10;Capabilities {appium:app: /home/milind/eclipse-worksp..., appium:automationName: UIAutomator2, appium:deviceName: Pixel 7 Pro API 31, platformName: ANDROID}"/>
  </testcase>
</testsuite>