<?xml version="1.0" encoding="UTF-8"?>
<!-- Generated by org.testng.reporters.JUnitReportReporter -->
<testsuite hostname="milind-Latitude-3420" failures="0" tests="1" name="testRunner.TestNG_TestRunner" time="0.092" errors="1" timestamp="2024-01-16T22:53:19 IST" skipped="0">
  <testcase classname="testRunner.TestNG_TestRunner" name="runScenario" time="0.092">
    <error type="java.lang.NullPointerException">
      <![CDATA[java.lang.NullPointerException
at stepDefinitions.wifiSteps.user_navigated_on_homepage(wifiSteps.java:15)
at ✽.user navigated on homepage(file:///home/milind/eclipse-workspace/projects/mobile/MobileSolutions/src/test/resources/Features/WIFI.feature:5)
]]>
    </error>
  </testcase> <!-- runScenario -->
  <system-out/>
</testsuite> <!-- testRunner.TestNG_TestRunner -->
